{"/Users/ryan/repos/photo/collection.js": {"path":"/Users/ryan/repos/photo/collection.js","statementMap":{"0":{"start":{"line":2,"column":0},"end":{"line":7189,"column":1}}},"fnMap":{},"branchMap":{},"s":{"0":1},"f":{},"b":{},"inputSourceMap":null,"_coverageSchema":"1a1c01bbd47fc00a2c39e90264f33305004495a9","hash":"d0b4a5cc98fcb2adfcf6aff0913f21055e3555f6"}
,"/Users/ryan/repos/photo/script.js": {"path":"/Users/ryan/repos/photo/script.js","statementMap":{"0":{"start":{"line":11,"column":12},"end":{"line":11,"column":32}},"1":{"start":{"line":14,"column":15},"end":{"line":14,"column":58}},"2":{"start":{"line":15,"column":19},"end":{"line":15,"column":39}},"3":{"start":{"line":16,"column":19},"end":{"line":16,"column":40}},"4":{"start":{"line":17,"column":20},"end":{"line":17,"column":47}},"5":{"start":{"line":18,"column":11},"end":{"line":18,"column":29}},"6":{"start":{"line":19,"column":13},"end":{"line":19,"column":33}},"7":{"start":{"line":22,"column":17},"end":{"line":22,"column":31}},"8":{"start":{"line":23,"column":17},"end":{"line":23,"column":42}},"9":{"start":{"line":25,"column":21},"end":{"line":27,"column":36}},"10":{"start":{"line":26,"column":21},"end":{"line":26,"column":31}},"11":{"start":{"line":27,"column":21},"end":{"line":27,"column":35}},"12":{"start":{"line":28,"column":0},"end":{"line":33,"column":1}},"13":{"start":{"line":29,"column":4},"end":{"line":30,"column":49}},"14":{"start":{"line":30,"column":26},"end":{"line":30,"column":48}},"15":{"start":{"line":32,"column":4},"end":{"line":32,"column":66}},"16":{"start":{"line":35,"column":22},"end":{"line":35,"column":55}},"17":{"start":{"line":36,"column":26},"end":{"line":36,"column":115}},"18":{"start":{"line":39,"column":18},"end":{"line":39,"column":51}},"19":{"start":{"line":40,"column":13},"end":{"line":40,"column":44}},"20":{"start":{"line":41,"column":13},"end":{"line":41,"column":44}},"21":{"start":{"line":42,"column":13},"end":{"line":42,"column":25}},"22":{"start":{"line":43,"column":17},"end":{"line":43,"column":23}},"23":{"start":{"line":44,"column":14},"end":{"line":44,"column":15}},"24":{"start":{"line":47,"column":4},"end":{"line":49,"column":5}},"25":{"start":{"line":48,"column":8},"end":{"line":48,"column":41}},"26":{"start":{"line":50,"column":4},"end":{"line":52,"column":5}},"27":{"start":{"line":51,"column":8},"end":{"line":51,"column":41}},"28":{"start":{"line":53,"column":4},"end":{"line":53,"column":23}},"29":{"start":{"line":54,"column":4},"end":{"line":54,"column":15}},"30":{"start":{"line":58,"column":4},"end":{"line":58,"column":36}},"31":{"start":{"line":59,"column":4},"end":{"line":59,"column":31}},"32":{"start":{"line":63,"column":4},"end":{"line":63,"column":39}},"33":{"start":{"line":64,"column":4},"end":{"line":64,"column":34}},"34":{"start":{"line":68,"column":24},"end":{"line":68,"column":112}},"35":{"start":{"line":69,"column":36},"end":{"line":69,"column":39}},"36":{"start":{"line":70,"column":4},"end":{"line":84,"column":5}},"37":{"start":{"line":71,"column":8},"end":{"line":71,"column":18}},"38":{"start":{"line":72,"column":8},"end":{"line":72,"column":19}},"39":{"start":{"line":73,"column":8},"end":{"line":75,"column":9}},"40":{"start":{"line":73,"column":21},"end":{"line":73,"column":22}},"41":{"start":{"line":74,"column":12},"end":{"line":74,"column":46}},"42":{"start":{"line":76,"column":8},"end":{"line":76,"column":56}},"43":{"start":{"line":78,"column":8},"end":{"line":78,"column":18}},"44":{"start":{"line":79,"column":8},"end":{"line":79,"column":19}},"45":{"start":{"line":80,"column":8},"end":{"line":82,"column":9}},"46":{"start":{"line":80,"column":21},"end":{"line":80,"column":22}},"47":{"start":{"line":81,"column":12},"end":{"line":81,"column":46}},"48":{"start":{"line":83,"column":8},"end":{"line":83,"column":56}},"49":{"start":{"line":87,"column":24},"end":{"line":87,"column":69}},"50":{"start":{"line":90,"column":16},"end":{"line":90,"column":57}},"51":{"start":{"line":91,"column":4},"end":{"line":91,"column":53}},"52":{"start":{"line":92,"column":4},"end":{"line":94,"column":5}},"53":{"start":{"line":93,"column":8},"end":{"line":93,"column":46}},"54":{"start":{"line":95,"column":4},"end":{"line":95,"column":36}},"55":{"start":{"line":96,"column":4},"end":{"line":96,"column":42}},"56":{"start":{"line":97,"column":4},"end":{"line":99,"column":5}},"57":{"start":{"line":98,"column":8},"end":{"line":98,"column":35}},"58":{"start":{"line":103,"column":15},"end":{"line":103,"column":28}},"59":{"start":{"line":104,"column":15},"end":{"line":104,"column":39}},"60":{"start":{"line":105,"column":4},"end":{"line":106,"column":66}},"61":{"start":{"line":110,"column":4},"end":{"line":114,"column":5}},"62":{"start":{"line":110,"column":22},"end":{"line":110,"column":23}},"63":{"start":{"line":111,"column":8},"end":{"line":113,"column":9}},"64":{"start":{"line":112,"column":12},"end":{"line":112,"column":23}},"65":{"start":{"line":115,"column":4},"end":{"line":115,"column":16}},"66":{"start":{"line":119,"column":4},"end":{"line":125,"column":5}},"67":{"start":{"line":119,"column":27},"end":{"line":119,"column":28}},"68":{"start":{"line":120,"column":8},"end":{"line":124,"column":9}},"69":{"start":{"line":120,"column":26},"end":{"line":120,"column":27}},"70":{"start":{"line":121,"column":12},"end":{"line":123,"column":13}},"71":{"start":{"line":122,"column":16},"end":{"line":122,"column":27}},"72":{"start":{"line":126,"column":4},"end":{"line":126,"column":16}},"73":{"start":{"line":130,"column":4},"end":{"line":136,"column":5}},"74":{"start":{"line":131,"column":4},"end":{"line":136,"column":5}},"75":{"start":{"line":131,"column":27},"end":{"line":131,"column":28}},"76":{"start":{"line":132,"column":8},"end":{"line":134,"column":9}},"77":{"start":{"line":133,"column":12},"end":{"line":133,"column":35}},"78":{"start":{"line":135,"column":8},"end":{"line":135,"column":20}},"79":{"start":{"line":137,"column":4},"end":{"line":137,"column":15}},"80":{"start":{"line":141,"column":4},"end":{"line":143,"column":5}},"81":{"start":{"line":142,"column":8},"end":{"line":142,"column":17}},"82":{"start":{"line":144,"column":4},"end":{"line":146,"column":5}},"83":{"start":{"line":145,"column":8},"end":{"line":145,"column":39}},"84":{"start":{"line":147,"column":4},"end":{"line":150,"column":5}},"85":{"start":{"line":148,"column":16},"end":{"line":148,"column":40}},"86":{"start":{"line":149,"column":16},"end":{"line":149,"column":40}},"87":{"start":{"line":152,"column":16},"end":{"line":152,"column":28}},"88":{"start":{"line":154,"column":4},"end":{"line":156,"column":5}},"89":{"start":{"line":155,"column":8},"end":{"line":155,"column":16}},"90":{"start":{"line":158,"column":4},"end":{"line":158,"column":26}},"91":{"start":{"line":162,"column":4},"end":{"line":162,"column":50}},"92":{"start":{"line":162,"column":22},"end":{"line":162,"column":50}},"93":{"start":{"line":163,"column":4},"end":{"line":163,"column":45}},"94":{"start":{"line":163,"column":25},"end":{"line":163,"column":45}},"95":{"start":{"line":164,"column":4},"end":{"line":164,"column":13}},"96":{"start":{"line":167,"column":21},"end":{"line":167,"column":63}},"97":{"start":{"line":168,"column":0},"end":{"line":175,"column":1}},"98":{"start":{"line":169,"column":23},"end":{"line":169,"column":57}},"99":{"start":{"line":170,"column":4},"end":{"line":174,"column":5}},"100":{"start":{"line":171,"column":8},"end":{"line":171,"column":43}},"101":{"start":{"line":173,"column":8},"end":{"line":173,"column":61}},"102":{"start":{"line":176,"column":0},"end":{"line":183,"column":1}},"103":{"start":{"line":177,"column":29},"end":{"line":177,"column":64}},"104":{"start":{"line":178,"column":4},"end":{"line":182,"column":5}},"105":{"start":{"line":179,"column":8},"end":{"line":179,"column":49}},"106":{"start":{"line":181,"column":8},"end":{"line":181,"column":51}},"107":{"start":{"line":186,"column":14},"end":{"line":194,"column":1}},"108":{"start":{"line":197,"column":4},"end":{"line":199,"column":5}},"109":{"start":{"line":198,"column":8},"end":{"line":198,"column":20}},"110":{"start":{"line":200,"column":4},"end":{"line":200,"column":41}},"111":{"start":{"line":204,"column":4},"end":{"line":206,"column":5}},"112":{"start":{"line":205,"column":8},"end":{"line":205,"column":20}},"113":{"start":{"line":207,"column":4},"end":{"line":207,"column":74}},"114":{"start":{"line":211,"column":4},"end":{"line":213,"column":5}},"115":{"start":{"line":212,"column":8},"end":{"line":212,"column":20}},"116":{"start":{"line":214,"column":4},"end":{"line":214,"column":73}},"117":{"start":{"line":218,"column":4},"end":{"line":220,"column":5}},"118":{"start":{"line":219,"column":8},"end":{"line":219,"column":20}},"119":{"start":{"line":221,"column":4},"end":{"line":221,"column":56}},"120":{"start":{"line":225,"column":4},"end":{"line":227,"column":5}},"121":{"start":{"line":226,"column":8},"end":{"line":226,"column":20}},"122":{"start":{"line":228,"column":4},"end":{"line":230,"column":5}},"123":{"start":{"line":229,"column":8},"end":{"line":229,"column":44}},"124":{"start":{"line":231,"column":4},"end":{"line":231,"column":41}},"125":{"start":{"line":235,"column":17},"end":{"line":235,"column":40}},"126":{"start":{"line":236,"column":4},"end":{"line":236,"column":37}},"127":{"start":{"line":240,"column":4},"end":{"line":242,"column":5}},"128":{"start":{"line":241,"column":8},"end":{"line":241,"column":20}},"129":{"start":{"line":243,"column":4},"end":{"line":243,"column":36}},"130":{"start":{"line":248,"column":4},"end":{"line":248,"column":31}},"131":{"start":{"line":251,"column":24},"end":{"line":251,"column":26}},"132":{"start":{"line":252,"column":19},"end":{"line":252,"column":20}},"133":{"start":{"line":254,"column":4},"end":{"line":256,"column":5}},"134":{"start":{"line":255,"column":8},"end":{"line":255,"column":14}},"135":{"start":{"line":257,"column":17},"end":{"line":257,"column":48}},"136":{"start":{"line":258,"column":4},"end":{"line":258,"column":18}},"137":{"start":{"line":259,"column":4},"end":{"line":259,"column":24}},"138":{"start":{"line":263,"column":0},"end":{"line":269,"column":2}},"139":{"start":{"line":264,"column":4},"end":{"line":267,"column":5}},"140":{"start":{"line":266,"column":8},"end":{"line":266,"column":14}},"141":{"start":{"line":268,"column":4},"end":{"line":268,"column":30}},"142":{"start":{"line":271,"column":0},"end":{"line":277,"column":3}},"143":{"start":{"line":272,"column":4},"end":{"line":276,"column":5}},"144":{"start":{"line":272,"column":17},"end":{"line":272,"column":18}},"145":{"start":{"line":273,"column":8},"end":{"line":275,"column":9}},"146":{"start":{"line":274,"column":12},"end":{"line":274,"column":63}},"147":{"start":{"line":278,"column":0},"end":{"line":284,"column":3}},"148":{"start":{"line":279,"column":4},"end":{"line":283,"column":5}},"149":{"start":{"line":279,"column":17},"end":{"line":279,"column":18}},"150":{"start":{"line":280,"column":8},"end":{"line":282,"column":9}},"151":{"start":{"line":281,"column":12},"end":{"line":281,"column":63}},"152":{"start":{"line":287,"column":4},"end":{"line":303,"column":5}},"153":{"start":{"line":289,"column":8},"end":{"line":289,"column":18}},"154":{"start":{"line":294,"column":26},"end":{"line":294,"column":65}},"155":{"start":{"line":297,"column":8},"end":{"line":297,"column":35}},"156":{"start":{"line":300,"column":8},"end":{"line":302,"column":11}},"157":{"start":{"line":301,"column":12},"end":{"line":301,"column":39}},"158":{"start":{"line":306,"column":4},"end":{"line":314,"column":5}},"159":{"start":{"line":307,"column":4},"end":{"line":314,"column":5}},"160":{"start":{"line":307,"column":17},"end":{"line":307,"column":18}},"161":{"start":{"line":308,"column":8},"end":{"line":312,"column":9}},"162":{"start":{"line":308,"column":29},"end":{"line":308,"column":30}},"163":{"start":{"line":309,"column":12},"end":{"line":311,"column":13}},"164":{"start":{"line":310,"column":16},"end":{"line":310,"column":32}},"165":{"start":{"line":313,"column":8},"end":{"line":313,"column":45}},"166":{"start":{"line":316,"column":4},"end":{"line":318,"column":5}},"167":{"start":{"line":317,"column":8},"end":{"line":317,"column":14}},"168":{"start":{"line":320,"column":4},"end":{"line":326,"column":5}},"169":{"start":{"line":323,"column":8},"end":{"line":323,"column":35}},"170":{"start":{"line":325,"column":8},"end":{"line":325,"column":44}},"171":{"start":{"line":328,"column":19},"end":{"line":328,"column":20}},"172":{"start":{"line":329,"column":4},"end":{"line":332,"column":5}},"173":{"start":{"line":330,"column":8},"end":{"line":330,"column":34}},"174":{"start":{"line":331,"column":8},"end":{"line":331,"column":18}},"175":{"start":{"line":335,"column":0},"end":{"line":335,"column":6}}},"fnMap":{"0":{"name":"(anonymous_0)","decl":{"start":{"line":26,"column":12},"end":{"line":26,"column":13}},"loc":{"start":{"line":26,"column":21},"end":{"line":26,"column":31}},"line":26},"1":{"name":"(anonymous_1)","decl":{"start":{"line":27,"column":12},"end":{"line":27,"column":13}},"loc":{"start":{"line":27,"column":21},"end":{"line":27,"column":35}},"line":27},"2":{"name":"(anonymous_2)","decl":{"start":{"line":30,"column":17},"end":{"line":30,"column":18}},"loc":{"start":{"line":30,"column":26},"end":{"line":30,"column":48}},"line":30},"3":{"name":"emptyCols","decl":{"start":{"line":46,"column":9},"end":{"line":46,"column":18}},"loc":{"start":{"line":46,"column":21},"end":{"line":55,"column":1}},"line":46},"4":{"name":"hideCol2","decl":{"start":{"line":57,"column":9},"end":{"line":57,"column":17}},"loc":{"start":{"line":57,"column":20},"end":{"line":60,"column":1}},"line":57},"5":{"name":"showCol2","decl":{"start":{"line":62,"column":9},"end":{"line":62,"column":17}},"loc":{"start":{"line":62,"column":20},"end":{"line":65,"column":1}},"line":62},"6":{"name":"resizeColumns","decl":{"start":{"line":67,"column":9},"end":{"line":67,"column":22}},"loc":{"start":{"line":67,"column":36},"end":{"line":85,"column":1}},"line":67},"7":{"name":"displayImage","decl":{"start":{"line":89,"column":9},"end":{"line":89,"column":21}},"loc":{"start":{"line":89,"column":27},"end":{"line":100,"column":1}},"line":89},"8":{"name":"pageHeight","decl":{"start":{"line":102,"column":9},"end":{"line":102,"column":19}},"loc":{"start":{"line":102,"column":22},"end":{"line":107,"column":1}},"line":102},"9":{"name":"hasTag","decl":{"start":{"line":109,"column":9},"end":{"line":109,"column":15}},"loc":{"start":{"line":109,"column":26},"end":{"line":116,"column":1}},"line":109},"10":{"name":"hasAnyTag","decl":{"start":{"line":118,"column":9},"end":{"line":118,"column":18}},"loc":{"start":{"line":118,"column":33},"end":{"line":127,"column":1}},"line":118},"11":{"name":"hasAllTags","decl":{"start":{"line":129,"column":9},"end":{"line":129,"column":19}},"loc":{"start":{"line":129,"column":34},"end":{"line":138,"column":1}},"line":129},"12":{"name":"archiveMonthAsString","decl":{"start":{"line":140,"column":9},"end":{"line":140,"column":29}},"loc":{"start":{"line":140,"column":44},"end":{"line":159,"column":1}},"line":140},"13":{"name":"selectedWorksAsTitle","decl":{"start":{"line":161,"column":9},"end":{"line":161,"column":29}},"loc":{"start":{"line":161,"column":33},"end":{"line":165,"column":1}},"line":161},"14":{"name":"prefixFilter","decl":{"start":{"line":196,"column":9},"end":{"line":196,"column":21}},"loc":{"start":{"line":196,"column":27},"end":{"line":201,"column":1}},"line":196},"15":{"name":"archiveMonthFilter","decl":{"start":{"line":203,"column":9},"end":{"line":203,"column":27}},"loc":{"start":{"line":203,"column":33},"end":{"line":208,"column":1}},"line":203},"16":{"name":"selectedWorksFilter","decl":{"start":{"line":210,"column":9},"end":{"line":210,"column":28}},"loc":{"start":{"line":210,"column":34},"end":{"line":215,"column":1}},"line":210},"17":{"name":"tripFilter","decl":{"start":{"line":217,"column":9},"end":{"line":217,"column":19}},"loc":{"start":{"line":217,"column":25},"end":{"line":222,"column":1}},"line":217},"18":{"name":"tagFilter","decl":{"start":{"line":224,"column":9},"end":{"line":224,"column":18}},"loc":{"start":{"line":224,"column":24},"end":{"line":232,"column":1}},"line":224},"19":{"name":"panoFilter","decl":{"start":{"line":234,"column":9},"end":{"line":234,"column":19}},"loc":{"start":{"line":234,"column":25},"end":{"line":237,"column":1}},"line":234},"20":{"name":"portfolioFilter","decl":{"start":{"line":239,"column":9},"end":{"line":239,"column":24}},"loc":{"start":{"line":239,"column":30},"end":{"line":244,"column":1}},"line":239},"21":{"name":"sortByRating","decl":{"start":{"line":247,"column":9},"end":{"line":247,"column":21}},"loc":{"start":{"line":247,"column":28},"end":{"line":249,"column":1}},"line":247},"22":{"name":"advanceDisplayCollection","decl":{"start":{"line":253,"column":9},"end":{"line":253,"column":33}},"loc":{"start":{"line":253,"column":36},"end":{"line":260,"column":1}},"line":253},"23":{"name":"(anonymous_23)","decl":{"start":{"line":263,"column":18},"end":{"line":263,"column":19}},"loc":{"start":{"line":263,"column":29},"end":{"line":269,"column":1}},"line":263},"24":{"name":"(anonymous_24)","decl":{"start":{"line":271,"column":39},"end":{"line":271,"column":40}},"loc":{"start":{"line":271,"column":46},"end":{"line":277,"column":1}},"line":271},"25":{"name":"(anonymous_25)","decl":{"start":{"line":278,"column":39},"end":{"line":278,"column":40}},"loc":{"start":{"line":278,"column":46},"end":{"line":284,"column":1}},"line":278},"26":{"name":"main","decl":{"start":{"line":286,"column":9},"end":{"line":286,"column":13}},"loc":{"start":{"line":286,"column":16},"end":{"line":333,"column":1}},"line":286},"27":{"name":"(anonymous_27)","decl":{"start":{"line":300,"column":47},"end":{"line":300,"column":48}},"loc":{"start":{"line":300,"column":58},"end":{"line":302,"column":9}},"line":300}},"branchMap":{"0":{"loc":{"start":{"line":28,"column":0},"end":{"line":33,"column":1}},"type":"if","locations":[{"start":{"line":28,"column":0},"end":{"line":33,"column":1}},{"start":{"line":31,"column":7},"end":{"line":33,"column":1}}],"line":28},"1":{"loc":{"start":{"line":36,"column":26},"end":{"line":36,"column":115}},"type":"binary-expr","locations":[{"start":{"line":36,"column":27},"end":{"line":36,"column":49}},{"start":{"line":36,"column":53},"end":{"line":36,"column":85}},{"start":{"line":36,"column":90},"end":{"line":36,"column":115}}],"line":36},"2":{"loc":{"start":{"line":68,"column":24},"end":{"line":68,"column":112}},"type":"binary-expr","locations":[{"start":{"line":68,"column":24},"end":{"line":68,"column":42}},{"start":{"line":68,"column":46},"end":{"line":68,"column":80}},{"start":{"line":68,"column":84},"end":{"line":68,"column":107}},{"start":{"line":68,"column":111},"end":{"line":68,"column":112}}],"line":68},"3":{"loc":{"start":{"line":70,"column":4},"end":{"line":84,"column":5}},"type":"if","locations":[{"start":{"line":70,"column":4},"end":{"line":84,"column":5}},{"start":{"line":77,"column":11},"end":{"line":84,"column":5}}],"line":70},"4":{"loc":{"start":{"line":92,"column":4},"end":{"line":94,"column":5}},"type":"if","locations":[{"start":{"line":92,"column":4},"end":{"line":94,"column":5}},{"start":{},"end":{}}],"line":92},"5":{"loc":{"start":{"line":97,"column":4},"end":{"line":99,"column":5}},"type":"if","locations":[{"start":{"line":97,"column":4},"end":{"line":99,"column":5}},{"start":{},"end":{}}],"line":97},"6":{"loc":{"start":{"line":97,"column":8},"end":{"line":97,"column":111}},"type":"binary-expr","locations":[{"start":{"line":97,"column":8},"end":{"line":97,"column":36}},{"start":{"line":97,"column":40},"end":{"line":97,"column":56}},{"start":{"line":97,"column":60},"end":{"line":97,"column":111}}],"line":97},"7":{"loc":{"start":{"line":111,"column":8},"end":{"line":113,"column":9}},"type":"if","locations":[{"start":{"line":111,"column":8},"end":{"line":113,"column":9}},{"start":{},"end":{}}],"line":111},"8":{"loc":{"start":{"line":121,"column":12},"end":{"line":123,"column":13}},"type":"if","locations":[{"start":{"line":121,"column":12},"end":{"line":123,"column":13}},{"start":{},"end":{}}],"line":121},"9":{"loc":{"start":{"line":132,"column":8},"end":{"line":134,"column":9}},"type":"if","locations":[{"start":{"line":132,"column":8},"end":{"line":134,"column":9}},{"start":{},"end":{}}],"line":132},"10":{"loc":{"start":{"line":141,"column":4},"end":{"line":143,"column":5}},"type":"if","locations":[{"start":{"line":141,"column":4},"end":{"line":143,"column":5}},{"start":{},"end":{}}],"line":141},"11":{"loc":{"start":{"line":144,"column":4},"end":{"line":146,"column":5}},"type":"if","locations":[{"start":{"line":144,"column":4},"end":{"line":146,"column":5}},{"start":{},"end":{}}],"line":144},"12":{"loc":{"start":{"line":147,"column":4},"end":{"line":150,"column":5}},"type":"if","locations":[{"start":{"line":147,"column":4},"end":{"line":150,"column":5}},{"start":{},"end":{}}],"line":147},"13":{"loc":{"start":{"line":154,"column":4},"end":{"line":156,"column":5}},"type":"if","locations":[{"start":{"line":154,"column":4},"end":{"line":156,"column":5}},{"start":{},"end":{}}],"line":154},"14":{"loc":{"start":{"line":162,"column":4},"end":{"line":162,"column":50}},"type":"if","locations":[{"start":{"line":162,"column":4},"end":{"line":162,"column":50}},{"start":{},"end":{}}],"line":162},"15":{"loc":{"start":{"line":163,"column":4},"end":{"line":163,"column":45}},"type":"if","locations":[{"start":{"line":163,"column":4},"end":{"line":163,"column":45}},{"start":{},"end":{}}],"line":163},"16":{"loc":{"start":{"line":168,"column":0},"end":{"line":175,"column":1}},"type":"if","locations":[{"start":{"line":168,"column":0},"end":{"line":175,"column":1}},{"start":{},"end":{}}],"line":168},"17":{"loc":{"start":{"line":170,"column":4},"end":{"line":174,"column":5}},"type":"if","locations":[{"start":{"line":170,"column":4},"end":{"line":174,"column":5}},{"start":{"line":172,"column":11},"end":{"line":174,"column":5}}],"line":170},"18":{"loc":{"start":{"line":176,"column":0},"end":{"line":183,"column":1}},"type":"if","locations":[{"start":{"line":176,"column":0},"end":{"line":183,"column":1}},{"start":{},"end":{}}],"line":176},"19":{"loc":{"start":{"line":178,"column":4},"end":{"line":182,"column":5}},"type":"if","locations":[{"start":{"line":178,"column":4},"end":{"line":182,"column":5}},{"start":{"line":180,"column":11},"end":{"line":182,"column":5}}],"line":178},"20":{"loc":{"start":{"line":197,"column":4},"end":{"line":199,"column":5}},"type":"if","locations":[{"start":{"line":197,"column":4},"end":{"line":199,"column":5}},{"start":{},"end":{}}],"line":197},"21":{"loc":{"start":{"line":204,"column":4},"end":{"line":206,"column":5}},"type":"if","locations":[{"start":{"line":204,"column":4},"end":{"line":206,"column":5}},{"start":{},"end":{}}],"line":204},"22":{"loc":{"start":{"line":207,"column":12},"end":{"line":207,"column":73}},"type":"binary-expr","locations":[{"start":{"line":207,"column":12},"end":{"line":207,"column":46}},{"start":{"line":207,"column":50},"end":{"line":207,"column":73}}],"line":207},"23":{"loc":{"start":{"line":211,"column":4},"end":{"line":213,"column":5}},"type":"if","locations":[{"start":{"line":211,"column":4},"end":{"line":213,"column":5}},{"start":{},"end":{}}],"line":211},"24":{"loc":{"start":{"line":214,"column":12},"end":{"line":214,"column":72}},"type":"binary-expr","locations":[{"start":{"line":214,"column":12},"end":{"line":214,"column":41}},{"start":{"line":214,"column":45},"end":{"line":214,"column":72}}],"line":214},"25":{"loc":{"start":{"line":218,"column":4},"end":{"line":220,"column":5}},"type":"if","locations":[{"start":{"line":218,"column":4},"end":{"line":220,"column":5}},{"start":{},"end":{}}],"line":218},"26":{"loc":{"start":{"line":221,"column":12},"end":{"line":221,"column":55}},"type":"binary-expr","locations":[{"start":{"line":221,"column":12},"end":{"line":221,"column":33}},{"start":{"line":221,"column":37},"end":{"line":221,"column":55}}],"line":221},"27":{"loc":{"start":{"line":225,"column":4},"end":{"line":227,"column":5}},"type":"if","locations":[{"start":{"line":225,"column":4},"end":{"line":227,"column":5}},{"start":{},"end":{}}],"line":225},"28":{"loc":{"start":{"line":228,"column":4},"end":{"line":230,"column":5}},"type":"if","locations":[{"start":{"line":228,"column":4},"end":{"line":230,"column":5}},{"start":{},"end":{}}],"line":228},"29":{"loc":{"start":{"line":240,"column":4},"end":{"line":242,"column":5}},"type":"if","locations":[{"start":{"line":240,"column":4},"end":{"line":242,"column":5}},{"start":{},"end":{}}],"line":240},"30":{"loc":{"start":{"line":254,"column":4},"end":{"line":256,"column":5}},"type":"if","locations":[{"start":{"line":254,"column":4},"end":{"line":256,"column":5}},{"start":{},"end":{}}],"line":254},"31":{"loc":{"start":{"line":264,"column":4},"end":{"line":267,"column":5}},"type":"if","locations":[{"start":{"line":264,"column":4},"end":{"line":267,"column":5}},{"start":{},"end":{}}],"line":264},"32":{"loc":{"start":{"line":273,"column":8},"end":{"line":275,"column":9}},"type":"if","locations":[{"start":{"line":273,"column":8},"end":{"line":275,"column":9}},{"start":{},"end":{}}],"line":273},"33":{"loc":{"start":{"line":273,"column":12},"end":{"line":273,"column":106}},"type":"binary-expr","locations":[{"start":{"line":273,"column":12},"end":{"line":273,"column":72}},{"start":{"line":273,"column":76},"end":{"line":273,"column":106}}],"line":273},"34":{"loc":{"start":{"line":280,"column":8},"end":{"line":282,"column":9}},"type":"if","locations":[{"start":{"line":280,"column":8},"end":{"line":282,"column":9}},{"start":{},"end":{}}],"line":280},"35":{"loc":{"start":{"line":280,"column":12},"end":{"line":280,"column":84}},"type":"binary-expr","locations":[{"start":{"line":280,"column":12},"end":{"line":280,"column":72}},{"start":{"line":280,"column":76},"end":{"line":280,"column":84}}],"line":280},"36":{"loc":{"start":{"line":287,"column":4},"end":{"line":303,"column":5}},"type":"if","locations":[{"start":{"line":287,"column":4},"end":{"line":303,"column":5}},{"start":{"line":290,"column":11},"end":{"line":303,"column":5}}],"line":287},"37":{"loc":{"start":{"line":309,"column":12},"end":{"line":311,"column":13}},"type":"if","locations":[{"start":{"line":309,"column":12},"end":{"line":311,"column":13}},{"start":{},"end":{}}],"line":309},"38":{"loc":{"start":{"line":316,"column":4},"end":{"line":318,"column":5}},"type":"if","locations":[{"start":{"line":316,"column":4},"end":{"line":318,"column":5}},{"start":{},"end":{}}],"line":316},"39":{"loc":{"start":{"line":320,"column":4},"end":{"line":326,"column":5}},"type":"if","locations":[{"start":{"line":320,"column":4},"end":{"line":326,"column":5}},{"start":{},"end":{}}],"line":320},"40":{"loc":{"start":{"line":320,"column":8},"end":{"line":321,"column":114}},"type":"binary-expr","locations":[{"start":{"line":320,"column":9},"end":{"line":320,"column":23}},{"start":{"line":320,"column":27},"end":{"line":320,"column":47}},{"start":{"line":320,"column":51},"end":{"line":320,"column":63}},{"start":{"line":321,"column":9},"end":{"line":321,"column":41}},{"start":{"line":321,"column":45},"end":{"line":321,"column":78}},{"start":{"line":321,"column":82},"end":{"line":321,"column":113}}],"line":320}},"s":{"0":0,"1":0,"2":0,"3":0,"4":0,"5":0,"6":0,"7":0,"8":0,"9":0,"10":0,"11":0,"12":0,"13":0,"14":0,"15":0,"16":0,"17":0,"18":0,"19":0,"20":0,"21":0,"22":0,"23":0,"24":0,"25":0,"26":0,"27":0,"28":0,"29":0,"30":0,"31":0,"32":0,"33":0,"34":0,"35":0,"36":0,"37":0,"38":0,"39":0,"40":0,"41":0,"42":0,"43":0,"44":0,"45":0,"46":0,"47":0,"48":0,"49":0,"50":0,"51":0,"52":0,"53":0,"54":0,"55":0,"56":0,"57":0,"58":0,"59":0,"60":0,"61":0,"62":0,"63":0,"64":0,"65":0,"66":0,"67":0,"68":0,"69":0,"70":0,"71":0,"72":0,"73":0,"74":0,"75":0,"76":0,"77":0,"78":0,"79":0,"80":0,"81":0,"82":0,"83":0,"84":0,"85":0,"86":0,"87":0,"88":0,"89":0,"90":0,"91":0,"92":0,"93":0,"94":0,"95":0,"96":0,"97":0,"98":0,"99":0,"100":0,"101":0,"102":0,"103":0,"104":0,"105":0,"106":0,"107":0,"108":0,"109":0,"110":0,"111":0,"112":0,"113":0,"114":0,"115":0,"116":0,"117":0,"118":0,"119":0,"120":0,"121":0,"122":0,"123":0,"124":0,"125":0,"126":0,"127":0,"128":0,"129":0,"130":0,"131":0,"132":0,"133":0,"134":0,"135":0,"136":0,"137":0,"138":0,"139":0,"140":0,"141":0,"142":0,"143":0,"144":0,"145":0,"146":0,"147":0,"148":0,"149":0,"150":0,"151":0,"152":0,"153":0,"154":0,"155":0,"156":0,"157":0,"158":0,"159":0,"160":0,"161":0,"162":0,"163":0,"164":0,"165":0,"166":0,"167":0,"168":0,"169":0,"170":0,"171":0,"172":0,"173":0,"174":0,"175":0},"f":{"0":0,"1":0,"2":0,"3":0,"4":0,"5":0,"6":0,"7":0,"8":0,"9":0,"10":0,"11":0,"12":0,"13":0,"14":0,"15":0,"16":0,"17":0,"18":0,"19":0,"20":0,"21":0,"22":0,"23":0,"24":0,"25":0,"26":0,"27":0},"b":{"0":[0,0],"1":[0,0,0],"2":[0,0,0,0],"3":[0,0],"4":[0,0],"5":[0,0],"6":[0,0,0],"7":[0,0],"8":[0,0],"9":[0,0],"10":[0,0],"11":[0,0],"12":[0,0],"13":[0,0],"14":[0,0],"15":[0,0],"16":[0,0],"17":[0,0],"18":[0,0],"19":[0,0],"20":[0,0],"21":[0,0],"22":[0,0],"23":[0,0],"24":[0,0],"25":[0,0],"26":[0,0],"27":[0,0],"28":[0,0],"29":[0,0],"30":[0,0],"31":[0,0],"32":[0,0],"33":[0,0],"34":[0,0],"35":[0,0],"36":[0,0],"37":[0,0],"38":[0,0],"39":[0,0],"40":[0,0,0,0,0,0]},"inputSourceMap":null}
,"/Users/ryan/repos/photo/components/body.js": {"path":"/Users/ryan/repos/photo/components/body.js","statementMap":{"0":{"start":{"line":3,"column":8},"end":{"line":3,"column":31}},"1":{"start":{"line":7,"column":8},"end":{"line":18,"column":1}},"2":{"start":{"line":22,"column":0},"end":{"line":22,"column":46}}},"fnMap":{"0":{"name":"(anonymous_0)","decl":{"start":{"line":2,"column":4},"end":{"line":2,"column":5}},"loc":{"start":{"line":2,"column":9},"end":{"line":4,"column":5}},"line":2},"1":{"name":"(anonymous_1)","decl":{"start":{"line":6,"column":4},"end":{"line":6,"column":5}},"loc":{"start":{"line":6,"column":24},"end":{"line":19,"column":5}},"line":6}},"branchMap":{},"s":{"0":0,"1":0,"2":0},"f":{"0":0,"1":0},"b":{},"inputSourceMap":null}
,"/Users/ryan/repos/photo/components/columns.js": {"path":"/Users/ryan/repos/photo/components/columns.js","statementMap":{"0":{"start":{"line":3,"column":8},"end":{"line":3,"column":34}},"1":{"start":{"line":7,"column":8},"end":{"line":13,"column":1}},"2":{"start":{"line":17,"column":0},"end":{"line":17,"column":52}}},"fnMap":{"0":{"name":"(anonymous_0)","decl":{"start":{"line":2,"column":4},"end":{"line":2,"column":5}},"loc":{"start":{"line":2,"column":9},"end":{"line":4,"column":5}},"line":2},"1":{"name":"(anonymous_1)","decl":{"start":{"line":6,"column":4},"end":{"line":6,"column":5}},"loc":{"start":{"line":6,"column":24},"end":{"line":14,"column":5}},"line":6}},"branchMap":{},"s":{"0":0,"1":0,"2":0},"f":{"0":0,"1":0},"b":{},"inputSourceMap":null}
,"/Users/ryan/repos/photo/components/fullover.js": {"path":"/Users/ryan/repos/photo/components/fullover.js","statementMap":{"0":{"start":{"line":2,"column":32},"end":{"line":2,"column":54}},"1":{"start":{"line":5,"column":8},"end":{"line":5,"column":16}},"2":{"start":{"line":9,"column":8},"end":{"line":9,"column":64}},"3":{"start":{"line":13,"column":8},"end":{"line":15,"column":9}},"4":{"start":{"line":14,"column":12},"end":{"line":14,"column":21}},"5":{"start":{"line":16,"column":8},"end":{"line":16,"column":59}},"6":{"start":{"line":20,"column":26},"end":{"line":25,"column":10}},"7":{"start":{"line":26,"column":8},"end":{"line":26,"column":42}},"8":{"start":{"line":30,"column":8},"end":{"line":30,"column":31}},"9":{"start":{"line":31,"column":8},"end":{"line":31,"column":24}},"10":{"start":{"line":35,"column":26},"end":{"line":40,"column":10}},"11":{"start":{"line":41,"column":8},"end":{"line":41,"column":42}},"12":{"start":{"line":45,"column":8},"end":{"line":45,"column":31}},"13":{"start":{"line":46,"column":8},"end":{"line":46,"column":24}},"14":{"start":{"line":50,"column":8},"end":{"line":53,"column":9}},"15":{"start":{"line":51,"column":12},"end":{"line":51,"column":57}},"16":{"start":{"line":51,"column":41},"end":{"line":51,"column":57}},"17":{"start":{"line":52,"column":12},"end":{"line":52,"column":57}},"18":{"start":{"line":52,"column":41},"end":{"line":52,"column":57}},"19":{"start":{"line":57,"column":26},"end":{"line":57,"column":27}},"20":{"start":{"line":58,"column":26},"end":{"line":58,"column":27}},"21":{"start":{"line":59,"column":24},"end":{"line":59,"column":25}},"22":{"start":{"line":60,"column":24},"end":{"line":60,"column":25}},"23":{"start":{"line":62,"column":8},"end":{"line":65,"column":10}},"24":{"start":{"line":63,"column":12},"end":{"line":63,"column":53}},"25":{"start":{"line":64,"column":12},"end":{"line":64,"column":53}},"26":{"start":{"line":67,"column":8},"end":{"line":71,"column":10}},"27":{"start":{"line":68,"column":12},"end":{"line":68,"column":51}},"28":{"start":{"line":69,"column":12},"end":{"line":69,"column":51}},"29":{"start":{"line":70,"column":12},"end":{"line":70,"column":79}},"30":{"start":{"line":73,"column":8},"end":{"line":84,"column":11}},"31":{"start":{"line":74,"column":12},"end":{"line":77,"column":13}},"32":{"start":{"line":76,"column":16},"end":{"line":76,"column":27}},"33":{"start":{"line":78,"column":12},"end":{"line":80,"column":13}},"34":{"start":{"line":79,"column":16},"end":{"line":79,"column":32}},"35":{"start":{"line":81,"column":12},"end":{"line":83,"column":13}},"36":{"start":{"line":82,"column":16},"end":{"line":82,"column":32}},"37":{"start":{"line":86,"column":8},"end":{"line":89,"column":11}},"38":{"start":{"line":87,"column":12},"end":{"line":87,"column":45}},"39":{"start":{"line":88,"column":12},"end":{"line":88,"column":23}},"40":{"start":{"line":91,"column":8},"end":{"line":91,"column":21}},"41":{"start":{"line":95,"column":8},"end":{"line":95,"column":21}},"42":{"start":{"line":99,"column":8},"end":{"line":99,"column":68}},"43":{"start":{"line":100,"column":8},"end":{"line":100,"column":52}},"44":{"start":{"line":101,"column":8},"end":{"line":101,"column":54}},"45":{"start":{"line":105,"column":8},"end":{"line":105,"column":65}},"46":{"start":{"line":106,"column":8},"end":{"line":106,"column":43}},"47":{"start":{"line":107,"column":8},"end":{"line":107,"column":47}},"48":{"start":{"line":111,"column":8},"end":{"line":111,"column":59}},"49":{"start":{"line":112,"column":8},"end":{"line":112,"column":69}},"50":{"start":{"line":116,"column":8},"end":{"line":116,"column":68}},"51":{"start":{"line":117,"column":8},"end":{"line":117,"column":63}},"52":{"start":{"line":118,"column":8},"end":{"line":118,"column":19}},"53":{"start":{"line":122,"column":20},"end":{"line":122,"column":44}},"54":{"start":{"line":123,"column":8},"end":{"line":125,"column":9}},"55":{"start":{"line":124,"column":12},"end":{"line":124,"column":18}},"56":{"start":{"line":126,"column":28},"end":{"line":126,"column":49}},"57":{"start":{"line":127,"column":8},"end":{"line":141,"column":1}},"58":{"start":{"line":145,"column":0},"end":{"line":145,"column":54}}},"fnMap":{"0":{"name":"(anonymous_0)","decl":{"start":{"line":4,"column":4},"end":{"line":4,"column":5}},"loc":{"start":{"line":4,"column":18},"end":{"line":6,"column":5}},"line":4},"1":{"name":"(anonymous_1)","decl":{"start":{"line":8,"column":4},"end":{"line":8,"column":5}},"loc":{"start":{"line":8,"column":9},"end":{"line":10,"column":5}},"line":8},"2":{"name":"(anonymous_2)","decl":{"start":{"line":12,"column":4},"end":{"line":12,"column":5}},"loc":{"start":{"line":12,"column":21},"end":{"line":17,"column":5}},"line":12},"3":{"name":"(anonymous_3)","decl":{"start":{"line":19,"column":4},"end":{"line":19,"column":5}},"loc":{"start":{"line":19,"column":16},"end":{"line":27,"column":5}},"line":19},"4":{"name":"(anonymous_4)","decl":{"start":{"line":29,"column":4},"end":{"line":29,"column":5}},"loc":{"start":{"line":29,"column":26},"end":{"line":32,"column":5}},"line":29},"5":{"name":"(anonymous_5)","decl":{"start":{"line":34,"column":4},"end":{"line":34,"column":5}},"loc":{"start":{"line":34,"column":16},"end":{"line":42,"column":5}},"line":34},"6":{"name":"(anonymous_6)","decl":{"start":{"line":44,"column":4},"end":{"line":44,"column":5}},"loc":{"start":{"line":44,"column":26},"end":{"line":47,"column":5}},"line":44},"7":{"name":"(anonymous_7)","decl":{"start":{"line":49,"column":4},"end":{"line":49,"column":5}},"loc":{"start":{"line":49,"column":67},"end":{"line":54,"column":5}},"line":49},"8":{"name":"(anonymous_8)","decl":{"start":{"line":56,"column":4},"end":{"line":56,"column":5}},"loc":{"start":{"line":56,"column":24},"end":{"line":92,"column":5}},"line":56},"9":{"name":"(anonymous_9)","decl":{"start":{"line":62,"column":48},"end":{"line":62,"column":49}},"loc":{"start":{"line":62,"column":53},"end":{"line":65,"column":9}},"line":62},"10":{"name":"(anonymous_10)","decl":{"start":{"line":67,"column":46},"end":{"line":67,"column":47}},"loc":{"start":{"line":67,"column":51},"end":{"line":71,"column":9}},"line":67},"11":{"name":"(anonymous_11)","decl":{"start":{"line":73,"column":45},"end":{"line":73,"column":46}},"loc":{"start":{"line":73,"column":56},"end":{"line":84,"column":9}},"line":73},"12":{"name":"(anonymous_12)","decl":{"start":{"line":86,"column":48},"end":{"line":86,"column":49}},"loc":{"start":{"line":86,"column":59},"end":{"line":89,"column":9}},"line":86},"13":{"name":"(anonymous_13)","decl":{"start":{"line":94,"column":4},"end":{"line":94,"column":5}},"loc":{"start":{"line":94,"column":55},"end":{"line":96,"column":5}},"line":94},"14":{"name":"(anonymous_14)","decl":{"start":{"line":98,"column":4},"end":{"line":98,"column":5}},"loc":{"start":{"line":98,"column":11},"end":{"line":102,"column":5}},"line":98},"15":{"name":"(anonymous_15)","decl":{"start":{"line":104,"column":4},"end":{"line":104,"column":5}},"loc":{"start":{"line":104,"column":11},"end":{"line":108,"column":5}},"line":104},"16":{"name":"(anonymous_16)","decl":{"start":{"line":110,"column":4},"end":{"line":110,"column":5}},"loc":{"start":{"line":110,"column":20},"end":{"line":113,"column":5}},"line":110},"17":{"name":"(anonymous_17)","decl":{"start":{"line":115,"column":4},"end":{"line":115,"column":5}},"loc":{"start":{"line":115,"column":31},"end":{"line":119,"column":5}},"line":115},"18":{"name":"(anonymous_18)","decl":{"start":{"line":121,"column":4},"end":{"line":121,"column":5}},"loc":{"start":{"line":121,"column":13},"end":{"line":142,"column":5}},"line":121}},"branchMap":{"0":{"loc":{"start":{"line":13,"column":8},"end":{"line":15,"column":9}},"type":"if","locations":[{"start":{"line":13,"column":8},"end":{"line":15,"column":9}},{"start":{},"end":{}}],"line":13},"1":{"loc":{"start":{"line":13,"column":12},"end":{"line":13,"column":149}},"type":"binary-expr","locations":[{"start":{"line":13,"column":12},"end":{"line":13,"column":59}},{"start":{"line":13,"column":63},"end":{"line":13,"column":105}},{"start":{"line":13,"column":109},"end":{"line":13,"column":149}}],"line":13},"2":{"loc":{"start":{"line":50,"column":8},"end":{"line":53,"column":9}},"type":"if","locations":[{"start":{"line":50,"column":8},"end":{"line":53,"column":9}},{"start":{},"end":{}}],"line":50},"3":{"loc":{"start":{"line":51,"column":12},"end":{"line":51,"column":57}},"type":"if","locations":[{"start":{"line":51,"column":12},"end":{"line":51,"column":57}},{"start":{},"end":{}}],"line":51},"4":{"loc":{"start":{"line":52,"column":12},"end":{"line":52,"column":57}},"type":"if","locations":[{"start":{"line":52,"column":12},"end":{"line":52,"column":57}},{"start":{},"end":{}}],"line":52},"5":{"loc":{"start":{"line":74,"column":12},"end":{"line":77,"column":13}},"type":"if","locations":[{"start":{"line":74,"column":12},"end":{"line":77,"column":13}},{"start":{},"end":{}}],"line":74},"6":{"loc":{"start":{"line":78,"column":12},"end":{"line":80,"column":13}},"type":"if","locations":[{"start":{"line":78,"column":12},"end":{"line":80,"column":13}},{"start":{},"end":{}}],"line":78},"7":{"loc":{"start":{"line":81,"column":12},"end":{"line":83,"column":13}},"type":"if","locations":[{"start":{"line":81,"column":12},"end":{"line":83,"column":13}},{"start":{},"end":{}}],"line":81},"8":{"loc":{"start":{"line":123,"column":8},"end":{"line":125,"column":9}},"type":"if","locations":[{"start":{"line":123,"column":8},"end":{"line":125,"column":9}},{"start":{},"end":{}}],"line":123}},"s":{"0":0,"1":0,"2":0,"3":0,"4":0,"5":0,"6":0,"7":0,"8":0,"9":0,"10":0,"11":0,"12":0,"13":0,"14":0,"15":0,"16":0,"17":0,"18":0,"19":0,"20":0,"21":0,"22":0,"23":0,"24":0,"25":0,"26":0,"27":0,"28":0,"29":0,"30":0,"31":0,"32":0,"33":0,"34":0,"35":0,"36":0,"37":0,"38":0,"39":0,"40":0,"41":0,"42":0,"43":0,"44":0,"45":0,"46":0,"47":0,"48":0,"49":0,"50":0,"51":0,"52":0,"53":0,"54":0,"55":0,"56":0,"57":0,"58":0},"f":{"0":0,"1":0,"2":0,"3":0,"4":0,"5":0,"6":0,"7":0,"8":0,"9":0,"10":0,"11":0,"12":0,"13":0,"14":0,"15":0,"16":0,"17":0,"18":0},"b":{"0":[0,0],"1":[0,0,0],"2":[0,0],"3":[0,0],"4":[0,0],"5":[0,0],"6":[0,0],"7":[0,0],"8":[0,0]},"inputSourceMap":null}
,"/Users/ryan/repos/photo/components/navbar.js": {"path":"/Users/ryan/repos/photo/components/navbar.js","statementMap":{"0":{"start":{"line":5,"column":8},"end":{"line":5,"column":23}},"1":{"start":{"line":9,"column":8},"end":{"line":9,"column":21}},"2":{"start":{"line":13,"column":19},"end":{"line":18,"column":39}},"3":{"start":{"line":20,"column":8},"end":{"line":24,"column":9}},"4":{"start":{"line":20,"column":21},"end":{"line":20,"column":22}},"5":{"start":{"line":21,"column":12},"end":{"line":23,"column":13}},"6":{"start":{"line":26,"column":8},"end":{"line":32,"column":9}},"7":{"start":{"line":34,"column":8},"end":{"line":41,"column":9}},"8":{"start":{"line":34,"column":27},"end":{"line":34,"column":28}},"9":{"start":{"line":35,"column":26},"end":{"line":35,"column":45}},"10":{"start":{"line":36,"column":12},"end":{"line":40,"column":13}},"11":{"start":{"line":36,"column":31},"end":{"line":36,"column":32}},"12":{"start":{"line":37,"column":16},"end":{"line":39,"column":17}},"13":{"start":{"line":43,"column":8},"end":{"line":49,"column":9}},"14":{"start":{"line":51,"column":8},"end":{"line":64,"column":9}},"15":{"start":{"line":51,"column":27},"end":{"line":51,"column":28}},"16":{"start":{"line":52,"column":12},"end":{"line":55,"column":13}},"17":{"start":{"line":57,"column":12},"end":{"line":61,"column":13}},"18":{"start":{"line":57,"column":32},"end":{"line":57,"column":33}},"19":{"start":{"line":58,"column":16},"end":{"line":60,"column":17}},"20":{"start":{"line":63,"column":12},"end":{"line":63,"column":28}},"21":{"start":{"line":66,"column":8},"end":{"line":70,"column":1}},"22":{"start":{"line":72,"column":8},"end":{"line":72,"column":29}},"23":{"start":{"line":73,"column":8},"end":{"line":75,"column":9}},"24":{"start":{"line":74,"column":25},"end":{"line":74,"column":94}},"25":{"start":{"line":74,"column":65},"end":{"line":74,"column":93}},"26":{"start":{"line":76,"column":8},"end":{"line":78,"column":9}},"27":{"start":{"line":77,"column":25},"end":{"line":77,"column":97}},"28":{"start":{"line":77,"column":65},"end":{"line":77,"column":96}},"29":{"start":{"line":82,"column":8},"end":{"line":85,"column":9}},"30":{"start":{"line":84,"column":12},"end":{"line":84,"column":18}},"31":{"start":{"line":86,"column":23},"end":{"line":86,"column":38}},"32":{"start":{"line":87,"column":24},"end":{"line":87,"column":67}},"33":{"start":{"line":88,"column":8},"end":{"line":99,"column":9}},"34":{"start":{"line":90,"column":12},"end":{"line":95,"column":13}},"35":{"start":{"line":90,"column":25},"end":{"line":90,"column":26}},"36":{"start":{"line":91,"column":16},"end":{"line":93,"column":17}},"37":{"start":{"line":92,"column":20},"end":{"line":92,"column":28}},"38":{"start":{"line":94,"column":16},"end":{"line":94,"column":51}},"39":{"start":{"line":96,"column":12},"end":{"line":96,"column":44}},"40":{"start":{"line":98,"column":12},"end":{"line":98,"column":43}},"41":{"start":{"line":102,"column":8},"end":{"line":105,"column":9}},"42":{"start":{"line":104,"column":12},"end":{"line":104,"column":18}},"43":{"start":{"line":106,"column":23},"end":{"line":106,"column":24}},"44":{"start":{"line":107,"column":24},"end":{"line":107,"column":70}},"45":{"start":{"line":108,"column":8},"end":{"line":119,"column":9}},"46":{"start":{"line":110,"column":12},"end":{"line":115,"column":13}},"47":{"start":{"line":110,"column":25},"end":{"line":110,"column":26}},"48":{"start":{"line":111,"column":16},"end":{"line":113,"column":17}},"49":{"start":{"line":112,"column":20},"end":{"line":112,"column":28}},"50":{"start":{"line":114,"column":16},"end":{"line":114,"column":54}},"51":{"start":{"line":116,"column":12},"end":{"line":116,"column":44}},"52":{"start":{"line":118,"column":12},"end":{"line":118,"column":46}},"53":{"start":{"line":123,"column":0},"end":{"line":123,"column":50}}},"fnMap":{"0":{"name":"(anonymous_0)","decl":{"start":{"line":4,"column":4},"end":{"line":4,"column":5}},"loc":{"start":{"line":4,"column":9},"end":{"line":6,"column":5}},"line":4},"1":{"name":"(anonymous_1)","decl":{"start":{"line":8,"column":4},"end":{"line":8,"column":5}},"loc":{"start":{"line":8,"column":24},"end":{"line":10,"column":5}},"line":8},"2":{"name":"(anonymous_2)","decl":{"start":{"line":12,"column":4},"end":{"line":12,"column":5}},"loc":{"start":{"line":12,"column":13},"end":{"line":79,"column":5}},"line":12},"3":{"name":"(anonymous_3)","decl":{"start":{"line":74,"column":12},"end":{"line":74,"column":13}},"loc":{"start":{"line":74,"column":25},"end":{"line":74,"column":94}},"line":74},"4":{"name":"(anonymous_4)","decl":{"start":{"line":74,"column":59},"end":{"line":74,"column":60}},"loc":{"start":{"line":74,"column":65},"end":{"line":74,"column":93}},"line":74},"5":{"name":"(anonymous_5)","decl":{"start":{"line":77,"column":12},"end":{"line":77,"column":13}},"loc":{"start":{"line":77,"column":25},"end":{"line":77,"column":97}},"line":77},"6":{"name":"(anonymous_6)","decl":{"start":{"line":77,"column":59},"end":{"line":77,"column":60}},"loc":{"start":{"line":77,"column":65},"end":{"line":77,"column":96}},"line":77},"7":{"name":"(anonymous_7)","decl":{"start":{"line":81,"column":4},"end":{"line":81,"column":5}},"loc":{"start":{"line":81,"column":22},"end":{"line":100,"column":5}},"line":81},"8":{"name":"(anonymous_8)","decl":{"start":{"line":101,"column":4},"end":{"line":101,"column":5}},"loc":{"start":{"line":101,"column":25},"end":{"line":120,"column":5}},"line":101}},"branchMap":{"0":{"loc":{"start":{"line":82,"column":8},"end":{"line":85,"column":9}},"type":"if","locations":[{"start":{"line":82,"column":8},"end":{"line":85,"column":9}},{"start":{},"end":{}}],"line":82},"1":{"loc":{"start":{"line":88,"column":8},"end":{"line":99,"column":9}},"type":"if","locations":[{"start":{"line":88,"column":8},"end":{"line":99,"column":9}},{"start":{"line":97,"column":15},"end":{"line":99,"column":9}}],"line":88},"2":{"loc":{"start":{"line":91,"column":16},"end":{"line":93,"column":17}},"type":"if","locations":[{"start":{"line":91,"column":16},"end":{"line":93,"column":17}},{"start":{},"end":{}}],"line":91},"3":{"loc":{"start":{"line":102,"column":8},"end":{"line":105,"column":9}},"type":"if","locations":[{"start":{"line":102,"column":8},"end":{"line":105,"column":9}},{"start":{},"end":{}}],"line":102},"4":{"loc":{"start":{"line":108,"column":8},"end":{"line":119,"column":9}},"type":"if","locations":[{"start":{"line":108,"column":8},"end":{"line":119,"column":9}},{"start":{"line":117,"column":15},"end":{"line":119,"column":9}}],"line":108},"5":{"loc":{"start":{"line":111,"column":16},"end":{"line":113,"column":17}},"type":"if","locations":[{"start":{"line":111,"column":16},"end":{"line":113,"column":17}},{"start":{},"end":{}}],"line":111}},"s":{"0":0,"1":0,"2":0,"3":0,"4":0,"5":0,"6":0,"7":0,"8":0,"9":0,"10":0,"11":0,"12":0,"13":0,"14":0,"15":0,"16":0,"17":0,"18":0,"19":0,"20":0,"21":0,"22":0,"23":0,"24":0,"25":0,"26":0,"27":0,"28":0,"29":0,"30":0,"31":0,"32":0,"33":0,"34":0,"35":0,"36":0,"37":0,"38":0,"39":0,"40":0,"41":0,"42":0,"43":0,"44":0,"45":0,"46":0,"47":0,"48":0,"49":0,"50":0,"51":0,"52":0,"53":0},"f":{"0":0,"1":0,"2":0,"3":0,"4":0,"5":0,"6":0,"7":0,"8":0},"b":{"0":[0,0],"1":[0,0],"2":[0,0],"3":[0,0],"4":[0,0],"5":[0,0]},"inputSourceMap":null}
,"/Users/ryan/repos/photo/components/photo.js": {"path":"/Users/ryan/repos/photo/components/photo.js","statementMap":{"0":{"start":{"line":2,"column":32},"end":{"line":2,"column":48}},"1":{"start":{"line":5,"column":8},"end":{"line":5,"column":16}},"2":{"start":{"line":9,"column":8},"end":{"line":9,"column":52}},"3":{"start":{"line":13,"column":8},"end":{"line":15,"column":9}},"4":{"start":{"line":14,"column":12},"end":{"line":14,"column":21}},"5":{"start":{"line":16,"column":8},"end":{"line":16,"column":54}},"6":{"start":{"line":20,"column":8},"end":{"line":20,"column":21}},"7":{"start":{"line":24,"column":8},"end":{"line":26,"column":1}},"8":{"start":{"line":27,"column":8},"end":{"line":35,"column":10}},"9":{"start":{"line":28,"column":12},"end":{"line":34,"column":13}},"10":{"start":{"line":39,"column":0},"end":{"line":39,"column":48}}},"fnMap":{"0":{"name":"(anonymous_0)","decl":{"start":{"line":4,"column":4},"end":{"line":4,"column":5}},"loc":{"start":{"line":4,"column":18},"end":{"line":6,"column":5}},"line":4},"1":{"name":"(anonymous_1)","decl":{"start":{"line":8,"column":4},"end":{"line":8,"column":5}},"loc":{"start":{"line":8,"column":9},"end":{"line":10,"column":5}},"line":8},"2":{"name":"(anonymous_2)","decl":{"start":{"line":12,"column":4},"end":{"line":12,"column":5}},"loc":{"start":{"line":12,"column":15},"end":{"line":17,"column":5}},"line":12},"3":{"name":"(anonymous_3)","decl":{"start":{"line":19,"column":4},"end":{"line":19,"column":5}},"loc":{"start":{"line":19,"column":24},"end":{"line":21,"column":5}},"line":19},"4":{"name":"(anonymous_4)","decl":{"start":{"line":23,"column":4},"end":{"line":23,"column":5}},"loc":{"start":{"line":23,"column":13},"end":{"line":36,"column":5}},"line":23},"5":{"name":"(anonymous_5)","decl":{"start":{"line":27,"column":39},"end":{"line":27,"column":40}},"loc":{"start":{"line":27,"column":44},"end":{"line":35,"column":9}},"line":27}},"branchMap":{"0":{"loc":{"start":{"line":13,"column":8},"end":{"line":15,"column":9}},"type":"if","locations":[{"start":{"line":13,"column":8},"end":{"line":15,"column":9}},{"start":{},"end":{}}],"line":13},"1":{"loc":{"start":{"line":13,"column":12},"end":{"line":13,"column":91}},"type":"binary-expr","locations":[{"start":{"line":13,"column":12},"end":{"line":13,"column":52}},{"start":{"line":13,"column":56},"end":{"line":13,"column":91}}],"line":13}},"s":{"0":1,"1":6,"2":1,"3":5,"4":3,"5":2,"6":4,"7":4,"8":4,"9":2,"10":1},"f":{"0":6,"1":1,"2":5,"3":4,"4":4,"5":2},"b":{"0":[3,2],"1":[5,5]},"inputSourceMap":null,"_coverageSchema":"1a1c01bbd47fc00a2c39e90264f33305004495a9","hash":"c88a2cce462171e822716a710989ada0b83bf145"}
,"/Users/ryan/repos/photo/components/title.js": {"path":"/Users/ryan/repos/photo/components/title.js","statementMap":{"0":{"start":{"line":2,"column":32},"end":{"line":2,"column":46}},"1":{"start":{"line":5,"column":8},"end":{"line":5,"column":15}},"2":{"start":{"line":9,"column":8},"end":{"line":9,"column":46}},"3":{"start":{"line":13,"column":8},"end":{"line":13,"column":21}},"4":{"start":{"line":16,"column":8},"end":{"line":16,"column":21}},"5":{"start":{"line":19,"column":8},"end":{"line":26,"column":1}},"6":{"start":{"line":27,"column":8},"end":{"line":27,"column":101}},"7":{"start":{"line":32,"column":16},"end":{"line":32,"column":49}},"8":{"start":{"line":33,"column":8},"end":{"line":37,"column":9}},"9":{"start":{"line":34,"column":12},"end":{"line":34,"column":41}},"10":{"start":{"line":36,"column":12},"end":{"line":36,"column":35}},"11":{"start":{"line":41,"column":0},"end":{"line":41,"column":48}}},"fnMap":{"0":{"name":"(anonymous_0)","decl":{"start":{"line":4,"column":4},"end":{"line":4,"column":5}},"loc":{"start":{"line":4,"column":18},"end":{"line":6,"column":5}},"line":4},"1":{"name":"(anonymous_1)","decl":{"start":{"line":8,"column":4},"end":{"line":8,"column":5}},"loc":{"start":{"line":8,"column":20},"end":{"line":10,"column":5}},"line":8},"2":{"name":"(anonymous_2)","decl":{"start":{"line":12,"column":4},"end":{"line":12,"column":5}},"loc":{"start":{"line":12,"column":24},"end":{"line":14,"column":5}},"line":12},"3":{"name":"(anonymous_3)","decl":{"start":{"line":15,"column":4},"end":{"line":15,"column":5}},"loc":{"start":{"line":15,"column":31},"end":{"line":17,"column":5}},"line":15},"4":{"name":"(anonymous_4)","decl":{"start":{"line":18,"column":4},"end":{"line":18,"column":5}},"loc":{"start":{"line":18,"column":13},"end":{"line":28,"column":5}},"line":18},"5":{"name":"(anonymous_5)","decl":{"start":{"line":31,"column":4},"end":{"line":31,"column":5}},"loc":{"start":{"line":31,"column":29},"end":{"line":38,"column":5}},"line":31}},"branchMap":{"0":{"loc":{"start":{"line":33,"column":8},"end":{"line":37,"column":9}},"type":"if","locations":[{"start":{"line":33,"column":8},"end":{"line":37,"column":9}},{"start":{"line":35,"column":15},"end":{"line":37,"column":9}}],"line":33}},"s":{"0":0,"1":0,"2":0,"3":0,"4":0,"5":0,"6":0,"7":0,"8":0,"9":0,"10":0,"11":0},"f":{"0":0,"1":0,"2":0,"3":0,"4":0,"5":0},"b":{"0":[0,0]},"inputSourceMap":null}
,"/Users/ryan/repos/photo/components/tree.js": {"path":"/Users/ryan/repos/photo/components/tree.js","statementMap":{"0":{"start":{"line":2,"column":4},"end":{"line":37,"column":5}},"1":{"start":{"line":40,"column":16},"end":{"line":40,"column":18}},"2":{"start":{"line":41,"column":4},"end":{"line":43,"column":5}},"3":{"start":{"line":41,"column":17},"end":{"line":41,"column":18}},"4":{"start":{"line":42,"column":8},"end":{"line":42,"column":71}},"5":{"start":{"line":44,"column":4},"end":{"line":49,"column":5}},"6":{"start":{"line":44,"column":23},"end":{"line":44,"column":24}},"7":{"start":{"line":45,"column":22},"end":{"line":45,"column":41}},"8":{"start":{"line":46,"column":8},"end":{"line":48,"column":9}},"9":{"start":{"line":46,"column":27},"end":{"line":46,"column":28}},"10":{"start":{"line":47,"column":12},"end":{"line":47,"column":85}},"11":{"start":{"line":50,"column":4},"end":{"line":55,"column":5}},"12":{"start":{"line":50,"column":23},"end":{"line":50,"column":24}},"13":{"start":{"line":51,"column":8},"end":{"line":51,"column":59}},"14":{"start":{"line":52,"column":8},"end":{"line":54,"column":9}},"15":{"start":{"line":52,"column":28},"end":{"line":52,"column":29}},"16":{"start":{"line":53,"column":12},"end":{"line":53,"column":104}},"17":{"start":{"line":56,"column":4},"end":{"line":56,"column":16}},"18":{"start":{"line":61,"column":4},"end":{"line":61,"column":50}},"19":{"start":{"line":61,"column":33},"end":{"line":61,"column":50}},"20":{"start":{"line":62,"column":4},"end":{"line":62,"column":51}},"21":{"start":{"line":62,"column":33},"end":{"line":62,"column":51}},"22":{"start":{"line":63,"column":4},"end":{"line":63,"column":48}},"23":{"start":{"line":63,"column":33},"end":{"line":63,"column":48}},"24":{"start":{"line":64,"column":4},"end":{"line":64,"column":48}},"25":{"start":{"line":64,"column":33},"end":{"line":64,"column":48}},"26":{"start":{"line":65,"column":4},"end":{"line":65,"column":46}},"27":{"start":{"line":65,"column":33},"end":{"line":65,"column":46}},"28":{"start":{"line":66,"column":4},"end":{"line":66,"column":47}},"29":{"start":{"line":66,"column":33},"end":{"line":66,"column":47}},"30":{"start":{"line":67,"column":4},"end":{"line":67,"column":47}},"31":{"start":{"line":67,"column":33},"end":{"line":67,"column":47}},"32":{"start":{"line":68,"column":4},"end":{"line":68,"column":49}},"33":{"start":{"line":68,"column":33},"end":{"line":68,"column":49}},"34":{"start":{"line":69,"column":4},"end":{"line":69,"column":52}},"35":{"start":{"line":69,"column":33},"end":{"line":69,"column":52}},"36":{"start":{"line":70,"column":4},"end":{"line":70,"column":50}},"37":{"start":{"line":70,"column":33},"end":{"line":70,"column":50}},"38":{"start":{"line":71,"column":4},"end":{"line":71,"column":51}},"39":{"start":{"line":71,"column":33},"end":{"line":71,"column":51}},"40":{"start":{"line":72,"column":4},"end":{"line":72,"column":51}},"41":{"start":{"line":72,"column":33},"end":{"line":72,"column":51}},"42":{"start":{"line":73,"column":4},"end":{"line":73,"column":14}}},"fnMap":{"0":{"name":"allPaths","decl":{"start":{"line":39,"column":9},"end":{"line":39,"column":17}},"loc":{"start":{"line":39,"column":20},"end":{"line":57,"column":1}},"line":39},"1":{"name":"monthName","decl":{"start":{"line":60,"column":9},"end":{"line":60,"column":18}},"loc":{"start":{"line":60,"column":37},"end":{"line":74,"column":1}},"line":60}},"branchMap":{"0":{"loc":{"start":{"line":61,"column":4},"end":{"line":61,"column":50}},"type":"if","locations":[{"start":{"line":61,"column":4},"end":{"line":61,"column":50}},{"start":{},"end":{}}],"line":61},"1":{"loc":{"start":{"line":62,"column":4},"end":{"line":62,"column":51}},"type":"if","locations":[{"start":{"line":62,"column":4},"end":{"line":62,"column":51}},{"start":{},"end":{}}],"line":62},"2":{"loc":{"start":{"line":63,"column":4},"end":{"line":63,"column":48}},"type":"if","locations":[{"start":{"line":63,"column":4},"end":{"line":63,"column":48}},{"start":{},"end":{}}],"line":63},"3":{"loc":{"start":{"line":64,"column":4},"end":{"line":64,"column":48}},"type":"if","locations":[{"start":{"line":64,"column":4},"end":{"line":64,"column":48}},{"start":{},"end":{}}],"line":64},"4":{"loc":{"start":{"line":65,"column":4},"end":{"line":65,"column":46}},"type":"if","locations":[{"start":{"line":65,"column":4},"end":{"line":65,"column":46}},{"start":{},"end":{}}],"line":65},"5":{"loc":{"start":{"line":66,"column":4},"end":{"line":66,"column":47}},"type":"if","locations":[{"start":{"line":66,"column":4},"end":{"line":66,"column":47}},{"start":{},"end":{}}],"line":66},"6":{"loc":{"start":{"line":67,"column":4},"end":{"line":67,"column":47}},"type":"if","locations":[{"start":{"line":67,"column":4},"end":{"line":67,"column":47}},{"start":{},"end":{}}],"line":67},"7":{"loc":{"start":{"line":68,"column":4},"end":{"line":68,"column":49}},"type":"if","locations":[{"start":{"line":68,"column":4},"end":{"line":68,"column":49}},{"start":{},"end":{}}],"line":68},"8":{"loc":{"start":{"line":69,"column":4},"end":{"line":69,"column":52}},"type":"if","locations":[{"start":{"line":69,"column":4},"end":{"line":69,"column":52}},{"start":{},"end":{}}],"line":69},"9":{"loc":{"start":{"line":70,"column":4},"end":{"line":70,"column":50}},"type":"if","locations":[{"start":{"line":70,"column":4},"end":{"line":70,"column":50}},{"start":{},"end":{}}],"line":70},"10":{"loc":{"start":{"line":71,"column":4},"end":{"line":71,"column":51}},"type":"if","locations":[{"start":{"line":71,"column":4},"end":{"line":71,"column":51}},{"start":{},"end":{}}],"line":71},"11":{"loc":{"start":{"line":72,"column":4},"end":{"line":72,"column":51}},"type":"if","locations":[{"start":{"line":72,"column":4},"end":{"line":72,"column":51}},{"start":{},"end":{}}],"line":72}},"s":{"0":1,"1":4,"2":4,"3":4,"4":24,"5":4,"6":4,"7":8,"8":8,"9":8,"10":16,"11":4,"12":4,"13":8,"14":8,"15":8,"16":52,"17":4,"18":16,"19":1,"20":15,"21":1,"22":14,"23":1,"24":13,"25":1,"26":12,"27":1,"28":11,"29":1,"30":10,"31":1,"32":9,"33":1,"34":8,"35":1,"36":7,"37":1,"38":6,"39":1,"40":5,"41":1,"42":4},"f":{"0":4,"1":16},"b":{"0":[1,15],"1":[1,14],"2":[1,13],"3":[1,12],"4":[1,11],"5":[1,10],"6":[1,9],"7":[1,8],"8":[1,7],"9":[1,6],"10":[1,5],"11":[1,4]},"inputSourceMap":null,"_coverageSchema":"1a1c01bbd47fc00a2c39e90264f33305004495a9","hash":"d8cb231e8218465a1f479d36214cfbbb9c180512"}
}
